INFO:sim:172 - Generating IP...
WARNING:sim:100 - The Simulation File Type <Behavioral> is not valid for this
   core. Overriding with File Type <Structural>.
Applying current project options...
Finished applying current project options.
WARNING:sim - VHDL simulation file type 'Behavioral' is not valid for this core.
   Overriding with simulation file type 'Structural'.
WARNING:sim - A core named 'tri_mode_eth_mac_v5_5' already exists in the
   project. Output products for this core may be overwritten.
Resolving generics for 'tri_mode_eth_mac_v5_5'...
WARNING:sim - VHDL simulation file type 'Behavioral' is not valid for this core.
   Overriding with simulation file type 'Structural'.
WARNING:sim - A core named 'tri_mode_eth_mac_v5_5' already exists in the
   project. Output products for this core may be overwritten.
Applying external generics to 'tri_mode_eth_mac_v5_5'...
Delivering associated files for 'tri_mode_eth_mac_v5_5'...
Delivering EJava files for 'tri_mode_eth_mac_v5_5'...
Generating implementation netlist for 'tri_mode_eth_mac_v5_5'...
INFO:sim - Pre-processing HDL files for 'tri_mode_eth_mac_v5_5'...
WARNING:sim - BlackBox generator run option '-iobuf' found multiple times. Only
   the first occurence is considered.
Running synthesis for 'tri_mode_eth_mac_v5_5'
Running ngcbuild...
Writing VHO instantiation template for 'tri_mode_eth_mac_v5_5'...
WARNING:sim - VHDL simulation file type 'Behavioral' is not valid for this core.
   Overriding with simulation file type 'Structural'.
Writing VHDL structural simulation model for 'tri_mode_eth_mac_v5_5'...
WARNING:sim - Overwriting existing file
   C:/cygwin64/home/okumura/firmware_ise/firmware/ipcore_dev/junk/tmp/_cg/tri_mo
   de_eth_mac_v5_5/doc/pg051-tri-mode-eth-mac.pdf with file from view
   xilinx_documentation
Delivered 3 files into directory
C:/cygwin64/home/okumura/firmware_ise/firmware/ipcore_dev/junk/tmp/_cg/tri_mode_
eth_mac_v5_5
Generating ASY schematic symbol...
INFO:sim:949 - Finished generation of ASY schematic symbol.
Generating SYM schematic symbol for 'tri_mode_eth_mac_v5_5'...
Generating metadata file...
Generating ISE project...
XCO file found: tri_mode_eth_mac_v5_5.xco
XMDF file found: tri_mode_eth_mac_v5_5_xmdf.tcl
Adding
C:/cygwin64/home/okumura/firmware_ise/firmware/ipcore_dev/junk/tmp/_cg/tri_mode_
eth_mac_v5_5.asy -view all -origin_type imported
Adding
C:/cygwin64/home/okumura/firmware_ise/firmware/ipcore_dev/junk/tmp/_cg/tri_mode_
eth_mac_v5_5.ngc -view all -origin_type created
Checking file
"C:/cygwin64/home/okumura/firmware_ise/firmware/ipcore_dev/junk/tmp/_cg/tri_mode
_eth_mac_v5_5.ngc" for project device match ...
File
"C:/cygwin64/home/okumura/firmware_ise/firmware/ipcore_dev/junk/tmp/_cg/tri_mode
_eth_mac_v5_5.ngc" device information matches project device.
Adding
C:/cygwin64/home/okumura/firmware_ise/firmware/ipcore_dev/junk/tmp/_cg/tri_mode_
eth_mac_v5_5.sym -view all -origin_type imported
Adding
C:/cygwin64/home/okumura/firmware_ise/firmware/ipcore_dev/junk/tmp/_cg/tri_mode_
eth_mac_v5_5.vhd -view all -origin_type created
INFO:HDLCompiler:1061 - Parsing VHDL file
   "C:/cygwin64/home/okumura/firmware_ise/firmware/ipcore_dev/junk/tmp/_cg/tri_m
   ode_eth_mac_v5_5.vhd" into library work
INFO:ProjectMgmt - Parsing design hierarchy completed successfully.
Adding
C:/cygwin64/home/okumura/firmware_ise/firmware/ipcore_dev/junk/tmp/_cg/tri_mode_
eth_mac_v5_5.vho -view all -origin_type imported
INFO:TclTasksC:2116 - The automatic calculation of top has been turned-off.
   Please set the new top explicitly by running the "project set top" command.
   To re-calculate the new top automatically, set the "Auto Implementation Top"
   property to true.
Top level has been set to "/tri_mode_eth_mac_v5_5"
Generating README file...
Generating FLIST file...
INFO:sim:948 - Finished FLIST file generation.
Launching README viewer...
Moving files to output directory...
Finished moving files to output directory
Wrote CGP file for project 'tri_mode_eth_mac_v5_5'.
